#
# There is insufficient memory for the Java Runtime Environment to continue.
# Native memory allocation (malloc) failed to allocate 1048576 bytes. Error detail: AllocateHeap
# Possible reasons:
#   The system is out of physical RAM or swap space
#   This process is running with CompressedOops enabled, and the Java Heap may be blocking the growth of the native heap
# Possible solutions:
#   Reduce memory load on the system
#   Increase physical memory or swap space
#   Check if swap backing store is full
#   Decrease Java heap size (-Xmx/-Xms)
#   Decrease number of Java threads
#   Decrease Java thread stack sizes (-Xss)
#   Set larger code cache with -XX:ReservedCodeCacheSize=
#   JVM is running with Unscaled Compressed Oops mode in which the Java heap is
#     placed in the first 4GB address space. The Java Heap base address is the
#     maximum limit for the native heap growth. Please use -XX:HeapBaseMinAddress
#     to set the Java Heap base and to place the Java Heap above 4GB virtual address.
# This output file may be truncated or incomplete.
#
#  Out of Memory Error (allocation.cpp:44), pid=36220, tid=33528
#
# JRE version: OpenJDK Runtime Environment Temurin-21.0.10+7 (21.0.10+7) (build 21.0.10+7-LTS)
# Java VM: OpenJDK 64-Bit Server VM Temurin-21.0.10+7 (21.0.10+7-LTS, mixed mode, sharing, tiered, compressed oops, compressed class ptrs, parallel gc, windows-amd64)
# No core dump will be written. Minidumps are not enabled by default on client versions of Windows
#

---------------  S U M M A R Y ------------

Command Line: --add-modules=ALL-SYSTEM --add-opens=java.base/java.util=ALL-UNNAMED --add-opens=java.base/java.lang=ALL-UNNAMED --add-opens=java.base/sun.nio.fs=ALL-UNNAMED -Declipse.application=org.eclipse.jdt.ls.core.id1 -Dosgi.bundles.defaultStartLevel=4 -Declipse.product=org.eclipse.jdt.ls.core.product -Djava.import.generatesMetadataFilesAtProjectRoot=false -DDetectVMInstallationsJob.disabled=true -Dfile.encoding=utf8 -XX:+UseParallelGC -XX:GCTimeRatio=4 -XX:AdaptiveSizePolicyWeight=90 -Dsun.zip.disableMemoryMapping=true -Xmx2G -Xms100m -Xlog:disable -javaagent:c:\Users\Admin\.vscode\extensions\redhat.java-1.54.0-win32-x64\lombok\lombok-1.18.39-4050.jar -XX:+HeapDumpOnOutOfMemoryError -XX:HeapDumpPath=c:\Users\Admin\AppData\Roaming\Code\User\workspaceStorage\c548800247d026e5243495b536721d3f\redhat.java -Daether.dependencyCollector.impl=bf c:\Users\Admin\.vscode\extensions\redhat.java-1.54.0-win32-x64\server\plugins\org.eclipse.equinox.launcher_1.7.100.v20251111-0406.jar -configuration c:\Users\Admin\AppData\Roaming\Code\User\globalStorage\redhat.java\1.54.0\config_win -data c:\Users\Admin\AppData\Roaming\Code\User\workspaceStorage\c548800247d026e5243495b536721d3f\redhat.java\jdt_ws --pipe=\\.\pipe\lsp-f945b5f503485aee051eb320a4fae6e5-sock

Host: AMD Ryzen 7 6800H with Radeon Graphics         , 16 cores, 15G,  Windows 11 , 64 bit Build 26100 (10.0.26100.8246)
Time: Fri May  8 22:56:12 2026 SE Asia Standard Time elapsed time: 4658.188020 seconds (0d 1h 17m 38s)

---------------  T H R E A D  ---------------

Current thread (0x000001e53618a5e0):  JavaThread "Attach Listener" daemon [_thread_in_vm, id=33528, stack(0x000000cdf8e00000,0x000000cdf8f00000) (1024K)]

Stack: [0x000000cdf8e00000,0x000000cdf8f00000]
Native frames: (J=compiled Java code, j=interpreted, Vv=VM code, C=native code)
V  [jvm.dll+0x6d7a39]
V  [jvm.dll+0x8b4b26]
V  [jvm.dll+0x8b70de]
V  [jvm.dll+0x8b77c3]
V  [jvm.dll+0x284346]
V  [jvm.dll+0xc1277]
V  [jvm.dll+0x6d82e9]
V  [jvm.dll+0x1334a6]
V  [jvm.dll+0x3f857e]
V  [jvm.dll+0x85f59d]
V  [jvm.dll+0x6d626d]
C  [ucrtbase.dll+0x37b0]
C  [KERNEL32.DLL+0x2e8d7]
C  [ntdll.dll+0x8c3fc]


---------------  P R O C E S S  ---------------

Threads class SMR info:
_java_thread_list=0x000001e58ef649e0, length=44, elements={
0x000001e5360dff00, 0x000001e536181fb0, 0x000001e536184560, 0x000001e536189f50,
0x000001e53618a5e0, 0x000001e536188510, 0x000001e536188ba0, 0x000001e53619e250,
0x000001e58ee6eb00, 0x000001e536189230, 0x000001e53618b990, 0x000001e5361898c0,
0x000001e53618ac70, 0x000001e53618b300, 0x000001e590cea090, 0x000001e590ceadb0,
0x000001e590ceb440, 0x000001e590cece80, 0x000001e590cec7f0, 0x000001e590ced510,
0x000001e590cedba0, 0x000001e590cf1020, 0x000001e590cee230, 0x000001e590ceef50,
0x000001e590cf0300, 0x000001e590cef5e0, 0x000001e590cefc70, 0x000001e596c1cf50,
0x000001e596c1d5e0, 0x000001e596c1a160, 0x000001e596c1bba0, 0x000001e596c1a7f0,
0x000001e596c1ae80, 0x000001e596c1c230, 0x000001e596c1c8c0, 0x000001e596c1b510,
0x000001e59806cfb0, 0x000001e59806dcd0, 0x000001e59a0b3bd0, 0x000001e59a0b2eb0,
0x000001e597883fe0, 0x000001e59a0b2190, 0x000001e597888ea0, 0x000001e59788a250
}

Java Threads: ( => current thread )
  0x000001e5360dff00 JavaThread "main"                              [_thread_blocked, id=37688, stack(0x000000cdf8700000,0x000000cdf8800000) (1024K)]
  0x000001e536181fb0 JavaThread "Reference Handler"          daemon [_thread_blocked, id=26288, stack(0x000000cdf8b00000,0x000000cdf8c00000) (1024K)]
  0x000001e536184560 JavaThread "Finalizer"                  daemon [_thread_blocked, id=37200, stack(0x000000cdf8c00000,0x000000cdf8d00000) (1024K)]
  0x000001e536189f50 JavaThread "Signal Dispatcher"          daemon [_thread_blocked, id=9084, stack(0x000000cdf8d00000,0x000000cdf8e00000) (1024K)]
=>0x000001e53618a5e0 JavaThread "Attach Listener"            daemon [_thread_in_vm, id=33528, stack(0x000000cdf8e00000,0x000000cdf8f00000) (1024K)]
  0x000001e536188510 JavaThread "Service Thread"             daemon [_thread_blocked, id=18144, stack(0x000000cdf8f00000,0x000000cdf9000000) (1024K)]
  0x000001e536188ba0 JavaThread "Monitor Deflation Thread"   daemon [_thread_blocked, id=2908, stack(0x000000cdf9000000,0x000000cdf9100000) (1024K)]
  0x000001e53619e250 JavaThread "C2 CompilerThread0"         daemon [_thread_blocked, id=37868, stack(0x000000cdf9100000,0x000000cdf9200000) (1024K)]
  0x000001e58ee6eb00 JavaThread "C1 CompilerThread0"         daemon [_thread_blocked, id=4516, stack(0x000000cdf9200000,0x000000cdf9300000) (1024K)]
  0x000001e536189230 JavaThread "Common-Cleaner"             daemon [_thread_blocked, id=25176, stack(0x000000cdf9800000,0x000000cdf9900000) (1024K)]
  0x000001e53618b990 JavaThread "Notification Thread"        daemon [_thread_blocked, id=36000, stack(0x000000cdf9900000,0x000000cdf9a00000) (1024K)]
  0x000001e5361898c0 JavaThread "Active Thread: Equinox Container: b50613f9-3dae-4815-94fb-249af9ffd05e"        [_thread_blocked, id=21676, stack(0x000000cdfa200000,0x000000cdfa300000) (1024K)]
  0x000001e53618ac70 JavaThread "Refresh Thread: Equinox Container: b50613f9-3dae-4815-94fb-249af9ffd05e" daemon [_thread_blocked, id=37860, stack(0x000000cdf9600000,0x000000cdf9700000) (1024K)]
  0x000001e53618b300 JavaThread "Framework Event Dispatcher: Equinox Container: b50613f9-3dae-4815-94fb-249af9ffd05e" daemon [_thread_blocked, id=36064, stack(0x000000cdf9700000,0x000000cdf9800000) (1024K)]
  0x000001e590cea090 JavaThread "Start Level: Equinox Container: b50613f9-3dae-4815-94fb-249af9ffd05e" daemon [_thread_blocked, id=2256, stack(0x000000cdfa000000,0x000000cdfa100000) (1024K)]
  0x000001e590ceadb0 JavaThread "Bundle File Closer"         daemon [_thread_blocked, id=23688, stack(0x000000cdfa400000,0x000000cdfa500000) (1024K)]
  0x000001e590ceb440 JavaThread "SCR Component Actor"        daemon [_thread_blocked, id=14876, stack(0x000000cdfa100000,0x000000cdfa200000) (1024K)]
  0x000001e590cece80 JavaThread "Worker-JM"                         [_thread_blocked, id=36340, stack(0x000000cdfab00000,0x000000cdfac00000) (1024K)]
  0x000001e590cec7f0 JavaThread "JNA Cleaner"                daemon [_thread_blocked, id=2720, stack(0x000000cdfa600000,0x000000cdfa700000) (1024K)]
  0x000001e590ced510 JavaThread "Java indexing"              daemon [_thread_blocked, id=22092, stack(0x000000cdfb000000,0x000000cdfb100000) (1024K)]
  0x000001e590cedba0 JavaThread "Thread-1"                   daemon [_thread_in_native, id=13772, stack(0x000000cdfb600000,0x000000cdfb700000) (1024K)]
  0x000001e590cf1020 JavaThread "Thread-2"                   daemon [_thread_in_native, id=14620, stack(0x000000cdfb700000,0x000000cdfb800000) (1024K)]
  0x000001e590cee230 JavaThread "Thread-3"                   daemon [_thread_in_native, id=35228, stack(0x000000cdfb800000,0x000000cdfb900000) (1024K)]
  0x000001e590ceef50 JavaThread "Thread-4"                   daemon [_thread_in_native, id=6136, stack(0x000000cdfb900000,0x000000cdfba00000) (1024K)]
  0x000001e590cf0300 JavaThread "Thread-5"                   daemon [_thread_in_native, id=4700, stack(0x000000cdfba00000,0x000000cdfbb00000) (1024K)]
  0x000001e590cef5e0 JavaThread "Thread-6"                   daemon [_thread_in_native, id=25504, stack(0x000000cdfbb00000,0x000000cdfbc00000) (1024K)]
  0x000001e590cefc70 JavaThread "Thread-7"                   daemon [_thread_in_native, id=35444, stack(0x000000cdfbc00000,0x000000cdfbd00000) (1024K)]
  0x000001e596c1cf50 JavaThread "Thread-8"                   daemon [_thread_in_native, id=14292, stack(0x000000cdfbd00000,0x000000cdfbe00000) (1024K)]
  0x000001e596c1d5e0 JavaThread "Thread-9"                   daemon [_thread_in_native, id=20776, stack(0x000000cdfbe00000,0x000000cdfbf00000) (1024K)]
  0x000001e596c1a160 JavaThread "Thread-10"                  daemon [_thread_in_native, id=15008, stack(0x000000cdfbf00000,0x000000cdfc000000) (1024K)]
  0x000001e596c1bba0 JavaThread "Thread-11"                  daemon [_thread_in_native, id=18860, stack(0x000000cdfc000000,0x000000cdfc100000) (1024K)]
  0x000001e596c1a7f0 JavaThread "Thread-12"                  daemon [_thread_in_native, id=14380, stack(0x000000cdfc100000,0x000000cdfc200000) (1024K)]
  0x000001e596c1ae80 JavaThread "Thread-13"                  daemon [_thread_in_native, id=31148, stack(0x000000cdfc200000,0x000000cdfc300000) (1024K)]
  0x000001e596c1c230 JavaThread "Thread-14"                  daemon [_thread_in_native, id=1680, stack(0x000000cdfc300000,0x000000cdfc400000) (1024K)]
  0x000001e596c1c8c0 JavaThread "Thread-15"                  daemon [_thread_in_native, id=22504, stack(0x000000cdfc400000,0x000000cdfc500000) (1024K)]
  0x000001e596c1b510 JavaThread "Thread-16"                  daemon [_thread_in_native, id=32600, stack(0x000000cdfc500000,0x000000cdfc600000) (1024K)]
  0x000001e59806cfb0 JavaThread "Thread-17"                  daemon [_thread_in_native, id=25512, stack(0x000000cdfc600000,0x000000cdfc700000) (1024K)]
  0x000001e59806dcd0 JavaThread "pool-2-thread-1"                   [_thread_blocked, id=24876, stack(0x000000cdfc800000,0x000000cdfc900000) (1024K)]
  0x000001e59a0b3bd0 JavaThread "WorkspaceEventsHandler"            [_thread_blocked, id=31684, stack(0x000000cdfde00000,0x000000cdfdf00000) (1024K)]
  0x000001e59a0b2eb0 JavaThread "pool-1-thread-1"                   [_thread_blocked, id=9492, stack(0x000000cdfdf00000,0x000000cdfe000000) (1024K)]
  0x000001e597883fe0 JavaThread "Cleaner-0"                  daemon [_thread_blocked, id=22700, stack(0x000000cdfe300000,0x000000cdfe400000) (1024K)]
  0x000001e59a0b2190 JavaThread "MicroProfile-Properties-Debouncer" daemon [_thread_blocked, id=28924, stack(0x000000cdfa900000,0x000000cdfaa00000) (1024K)]
  0x000001e597888ea0 JavaThread "Worker-17"                         [_thread_blocked, id=32812, stack(0x000000cdf8400000,0x000000cdf8500000) (1024K)]
  0x000001e59788a250 JavaThread "Worker-18"                         [_thread_blocked, id=11552, stack(0x000000cdf8500000,0x000000cdf8600000) (1024K)]
Total: 44

Other Threads:
  0x000001e58ee64ba0 VMThread "VM Thread"                           [id=6868, stack(0x000000cdf8a00000,0x000000cdf8b00000) (1024K)]
  0x000001e535f6ca10 WatcherThread "VM Periodic Task Thread"        [id=31264, stack(0x000000cdf8900000,0x000000cdf8a00000) (1024K)]
  0x000001e5360ff240 WorkerThread "GC Thread#0"                     [id=24984, stack(0x000000cdf8800000,0x000000cdf8900000) (1024K)]
  0x000001e590ce9250 WorkerThread "GC Thread#1"                     [id=17740, stack(0x000000cdf9a00000,0x000000cdf9b00000) (1024K)]
  0x000001e590ce9600 WorkerThread "GC Thread#2"                     [id=24840, stack(0x000000cdf9b00000,0x000000cdf9c00000) (1024K)]
  0x000001e59518faf0 WorkerThread "GC Thread#3"                     [id=19904, stack(0x000000cdf9c00000,0x000000cdf9d00000) (1024K)]
  0x000001e5951902a0 WorkerThread "GC Thread#4"                     [id=23132, stack(0x000000cdf9d00000,0x000000cdf9e00000) (1024K)]
  0x000001e590e956f0 WorkerThread "GC Thread#5"                     [id=29736, stack(0x000000cdf9e00000,0x000000cdf9f00000) (1024K)]
  0x000001e590e24fe0 WorkerThread "GC Thread#6"                     [id=17956, stack(0x000000cdf9f00000,0x000000cdfa000000) (1024K)]
  0x000001e595355000 WorkerThread "GC Thread#7"                     [id=22744, stack(0x000000cdfa300000,0x000000cdfa400000) (1024K)]
  0x000001e5950d5310 WorkerThread "GC Thread#8"                     [id=23728, stack(0x000000cdf9300000,0x000000cdf9400000) (1024K)]
  0x000001e59077f440 WorkerThread "GC Thread#9"                     [id=37568, stack(0x000000cdf9400000,0x000000cdf9500000) (1024K)]
  0x000001e58eef9ea0 WorkerThread "GC Thread#10"                    [id=33548, stack(0x000000cdf9500000,0x000000cdf9600000) (1024K)]
  0x000001e595369e80 WorkerThread "GC Thread#11"                    [id=27900, stack(0x000000cdfac00000,0x000000cdfad00000) (1024K)]
  0x000001e59536a230 WorkerThread "GC Thread#12"                    [id=15024, stack(0x000000cdfad00000,0x000000cdfae00000) (1024K)]
Total: 15

Threads with active compile tasks:
Total: 0

VM state: not at safepoint (normal execution)

VM Mutex/Monitor currently owned by a thread: None

Heap address: 0x0000000080000000, size: 2048 MB, Compressed Oops mode: 32-bit

CDS archive(s) mapped at: [0x000001e54d000000-0x000001e54dba0000-0x000001e54dba0000), size 12189696, SharedBaseAddress: 0x000001e54d000000, ArchiveRelocationMode: 1.
Compressed class space mapped at: 0x000001e54e000000-0x000001e58e000000, reserved size: 1073741824
Narrow klass base: 0x000001e54d000000, Narrow klass shift: 0, Narrow klass range: 0x100000000

GC Precious Log:
 CardTable entry size: 512
 CPUs: 16 total, 16 available
 Memory: 15613M
 Large Page Support: Disabled
 NUMA Support: Disabled
 Compressed Oops: Enabled (32-bit)
 Alignments: Space 512K, Generation 512K, Heap 2M
 Heap Min Capacity: 100M
 Heap Initial Capacity: 100M
 Heap Max Capacity: 2G
 Pre-touch: Disabled
 Parallel Workers: 13

Heap:
 PSYoungGen      total 4608K, used 3623K [0x00000000d5580000, 0x00000000d5d80000, 0x0000000100000000)
  eden space 3072K, 68% used [0x00000000d5580000,0x00000000d5790cf8,0x00000000d5880000)
  from space 1536K, 98% used [0x00000000d5a80000,0x00000000d5bf9230,0x00000000d5c00000)
  to   space 2048K, 0% used [0x00000000d5880000,0x00000000d5880000,0x00000000d5a80000)
 ParOldGen       total 728576K, used 728278K [0x0000000080000000, 0x00000000ac780000, 0x00000000d5580000)
  object space 728576K, 99% used [0x0000000080000000,0x00000000ac735848,0x00000000ac780000)
 Metaspace       used 91428K, committed 93440K, reserved 1179648K
  class space    used 9489K, committed 10368K, reserved 1048576K

Card table byte_map: [0x000001e535a80000,0x000001e535e90000] _byte_map_base: 0x000001e535680000

Marking Bits: (ParMarkBitMap*) 0x00007ffc397d3450
 Begin Bits: [0x000001e548590000, 0x000001e54a590000)
 End Bits:   [0x000001e54a590000, 0x000001e54c590000)

Polling page: 0x000001e533d20000

Metaspace:

Usage:
  Non-class:     80.02 MB used.
      Class:      9.27 MB used.
       Both:     89.29 MB used.

Virtual space:
  Non-class space:      128.00 MB reserved,      81.12 MB ( 63%) committed,  2 nodes.
      Class space:        1.00 GB reserved,      10.12 MB ( <1%) committed,  1 nodes.
             Both:        1.12 GB reserved,      91.25 MB (  8%) committed. 

Chunk freelists:
   Non-Class:  14.47 MB
       Class:  5.79 MB
        Both:  20.26 MB

MaxMetaspaceSize: unlimited
CompressedClassSpaceSize: 1.00 GB
Initial GC threshold: 21.00 MB
Current GC threshold: 140.31 MB
CDS: on
 - commit_granule_bytes: 65536.
 - commit_granule_words: 8192.
 - virtual_space_node_default_size: 8388608.
 - enlarge_chunks_in_place: 1.
 - use_allocation_guard: 0.


Internal statistics:

num_allocs_failed_limit: 11.
num_arena_births: 1732.
num_arena_deaths: 20.
num_vsnodes_births: 3.
num_vsnodes_deaths: 0.
num_space_committed: 1460.
num_space_uncommitted: 0.
num_chunks_returned_to_freelist: 34.
num_chunks_taken_from_freelist: 6082.
num_chunk_merges: 18.
num_chunk_splits: 3742.
num_chunks_enlarged: 2096.
num_inconsistent_stats: 0.

CodeHeap 'non-profiled nmethods': size=119168Kb used=16419Kb max_used=16419Kb free=102748Kb
 bounds [0x000001e540e80000, 0x000001e541e90000, 0x000001e5482e0000]
CodeHeap 'profiled nmethods': size=119104Kb used=39498Kb max_used=39498Kb free=79606Kb
 bounds [0x000001e5392e0000, 0x000001e53b980000, 0x000001e540730000]
CodeHeap 'non-nmethods': size=7488Kb used=1526Kb max_used=3294Kb free=5961Kb
 bounds [0x000001e540730000, 0x000001e540aa0000, 0x000001e540e80000]
CodeCache: size=245760Kb, used=57443Kb, max_used=59211Kb, free=188315Kb
 total_blobs=17208, nmethods=16361, adapters=750, full_count=0
Compilation: enabled, stopped_count=0, restarted_count=0

Compilation events (20 events):
Event: 3232.634 Thread 0x000001e58ee6eb00 20858       3       java.lang.ref.ReferenceQueue::await (15 bytes)
Event: 3232.641 Thread 0x000001e58ee6eb00 nmethod 20858 0x000001e53b972890 code [0x000001e53b972a40, 0x000001e53b972be0]
Event: 3293.862 Thread 0x000001e58ee6eb00 20859       3       java.util.concurrent.locks.AbstractQueuedSynchronizer$ConditionObject::await (202 bytes)
Event: 3293.865 Thread 0x000001e58ee6eb00 nmethod 20859 0x000001e53b972d10 code [0x000001e53b973000, 0x000001e53b973e30]
Event: 3658.354 Thread 0x000001e58ee6eb00 20860       1       org.eclipse.osgi.internal.location.BasicLocation::isReadOnly (5 bytes)
Event: 3658.355 Thread 0x000001e58ee6eb00 nmethod 20860 0x000001e541e85f10 code [0x000001e541e860a0, 0x000001e541e86170]
Event: 3924.193 Thread 0x000001e53619e250 20861       4       org.eclipse.core.internal.utils.StringPool::add (50 bytes)
Event: 3924.332 Thread 0x000001e53619e250 nmethod 20861 0x000001e541e86210 code [0x000001e541e86460, 0x000001e541e86cd0]
Event: 3924.332 Thread 0x000001e53619e250 20862       4       org.eclipse.core.internal.dtree.AbstractDataTreeNode::storeStrings (42 bytes)
Event: 3924.352 Thread 0x000001e53619e250 nmethod 20862 0x000001e541e87490 code [0x000001e541e87700, 0x000001e541e88228]
Event: 3982.808 Thread 0x000001e58ee6eb00 20863   !   3       java.util.logging.LogManager::getUserContext (118 bytes)
Event: 3982.813 Thread 0x000001e58ee6eb00 nmethod 20863 0x000001e53b974410 code [0x000001e53b9745c0, 0x000001e53b974830]
Event: 3982.813 Thread 0x000001e58ee6eb00 20864       3       jdk.internal.access.SharedSecrets::getJavaAWTAccess (4 bytes)
Event: 3982.813 Thread 0x000001e58ee6eb00 nmethod 20864 0x000001e53ad07810 code [0x000001e53ad079a0, 0x000001e53ad07a98]
Event: 4012.818 Thread 0x000001e58ee6eb00 20865       1       com.sun.jna.internal.Cleaner::access$200 (5 bytes)
Event: 4012.829 Thread 0x000001e58ee6eb00 nmethod 20865 0x000001e541e88c10 code [0x000001e541e88da0, 0x000001e541e88e50]
Event: 4015.058 Thread 0x000001e58ee6eb00 20866       3       java.lang.ProcessHandleImpl::get (51 bytes)
Event: 4015.069 Thread 0x000001e58ee6eb00 nmethod 20866 0x000001e53b974990 code [0x000001e53b974ba0, 0x000001e53b9751a8]
Event: 4015.069 Thread 0x000001e58ee6eb00 20867       3       java.lang.ProcessHandleImpl::isAlive (44 bytes)
Event: 4015.069 Thread 0x000001e58ee6eb00 nmethod 20867 0x000001e53b975410 code [0x000001e53b9755c0, 0x000001e53b975820]

GC Heap History (20 events):
Event: 1134.724 GC heap before
{Heap before GC invocations=1185 (full 6):
 PSYoungGen      total 2560K, used 2542K [0x00000000d5580000, 0x00000000d5c00000, 0x0000000100000000)
  eden space 1024K, 100% used [0x00000000d5580000,0x00000000d5680000,0x00000000d5680000)
  from space 1536K, 98% used [0x00000000d5900000,0x00000000d5a7b8a0,0x00000000d5a80000)
  to   space 2560K, 0% used [0x00000000d5680000,0x00000000d5680000,0x00000000d5900000)
 ParOldGen       total 726528K, used 726267K [0x0000000080000000, 0x00000000ac580000, 0x00000000d5580000)
  object space 726528K, 99% used [0x0000000080000000,0x00000000ac53efc0,0x00000000ac580000)
 Metaspace       used 91392K, committed 93376K, reserved 1179648K
  class space    used 9489K, committed 10368K, reserved 1048576K
}
Event: 1134.726 GC heap after
{Heap after GC invocations=1185 (full 6):
 PSYoungGen      total 3584K, used 2499K [0x00000000d5580000, 0x00000000d5d00000, 0x0000000100000000)
  eden space 1024K, 0% used [0x00000000d5580000,0x00000000d5580000,0x00000000d5680000)
  from space 2560K, 97% used [0x00000000d5680000,0x00000000d58f0f90,0x00000000d5900000)
  to   space 3072K, 0% used [0x00000000d5a00000,0x00000000d5a00000,0x00000000d5d00000)
 ParOldGen       total 726528K, used 726432K [0x0000000080000000, 0x00000000ac580000, 0x00000000d5580000)
  object space 726528K, 99% used [0x0000000080000000,0x00000000ac5681c0,0x00000000ac580000)
 Metaspace       used 91392K, committed 93376K, reserved 1179648K
  class space    used 9489K, committed 10368K, reserved 1048576K
}
Event: 1134.727 GC heap before
{Heap before GC invocations=1186 (full 6):
 PSYoungGen      total 3584K, used 3523K [0x00000000d5580000, 0x00000000d5d00000, 0x0000000100000000)
  eden space 1024K, 100% used [0x00000000d5580000,0x00000000d5680000,0x00000000d5680000)
  from space 2560K, 97% used [0x00000000d5680000,0x00000000d58f0f90,0x00000000d5900000)
  to   space 3072K, 0% used [0x00000000d5a00000,0x00000000d5a00000,0x00000000d5d00000)
 ParOldGen       total 726528K, used 726432K [0x0000000080000000, 0x00000000ac580000, 0x00000000d5580000)
  object space 726528K, 99% used [0x0000000080000000,0x00000000ac5681c0,0x00000000ac580000)
 Metaspace       used 91392K, committed 93376K, reserved 1179648K
  class space    used 9489K, committed 10368K, reserved 1048576K
}
Event: 1134.729 GC heap after
{Heap after GC invocations=1186 (full 6):
 PSYoungGen      total 4096K, used 3059K [0x00000000d5580000, 0x00000000d5e00000, 0x0000000100000000)
  eden space 1024K, 0% used [0x00000000d5580000,0x00000000d5580000,0x00000000d5680000)
  from space 3072K, 99% used [0x00000000d5a00000,0x00000000d5cfcfa0,0x00000000d5d00000)
  to   space 3584K, 0% used [0x00000000d5680000,0x00000000d5680000,0x00000000d5a00000)
 ParOldGen       total 727040K, used 726752K [0x0000000080000000, 0x00000000ac600000, 0x00000000d5580000)
  object space 727040K, 99% used [0x0000000080000000,0x00000000ac5b81c0,0x00000000ac600000)
 Metaspace       used 91392K, committed 93376K, reserved 1179648K
  class space    used 9489K, committed 10368K, reserved 1048576K
}
Event: 1134.732 GC heap before
{Heap before GC invocations=1187 (full 6):
 PSYoungGen      total 4096K, used 4083K [0x00000000d5580000, 0x00000000d5e00000, 0x0000000100000000)
  eden space 1024K, 100% used [0x00000000d5580000,0x00000000d5680000,0x00000000d5680000)
  from space 3072K, 99% used [0x00000000d5a00000,0x00000000d5cfcfa0,0x00000000d5d00000)
  to   space 3584K, 0% used [0x00000000d5680000,0x00000000d5680000,0x00000000d5a00000)
 ParOldGen       total 727040K, used 726752K [0x0000000080000000, 0x00000000ac600000, 0x00000000d5580000)
  object space 727040K, 99% used [0x0000000080000000,0x00000000ac5b81c0,0x00000000ac600000)
 Metaspace       used 91392K, committed 93376K, reserved 1179648K
  class space    used 9489K, committed 10368K, reserved 1048576K
}
Event: 1134.734 GC heap after
{Heap after GC invocations=1187 (full 6):
 PSYoungGen      total 4608K, used 3577K [0x00000000d5580000, 0x00000000d6000000, 0x0000000100000000)
  eden space 1024K, 0% used [0x00000000d5580000,0x00000000d5580000,0x00000000d5680000)
  from space 3584K, 99% used [0x00000000d5680000,0x00000000d59fe6a0,0x00000000d5a00000)
  to   space 4608K, 0% used [0x00000000d5b80000,0x00000000d5b80000,0x00000000d6000000)
 ParOldGen       total 727552K, used 727277K [0x0000000080000000, 0x00000000ac680000, 0x00000000d5580000)
  object space 727552K, 99% used [0x0000000080000000,0x00000000ac63b450,0x00000000ac680000)
 Metaspace       used 91392K, committed 93376K, reserved 1179648K
  class space    used 9489K, committed 10368K, reserved 1048576K
}
Event: 1202.236 GC heap before
{Heap before GC invocations=1188 (full 6):
 PSYoungGen      total 4608K, used 4601K [0x00000000d5580000, 0x00000000d6000000, 0x0000000100000000)
  eden space 1024K, 99% used [0x00000000d5580000,0x00000000d567fff8,0x00000000d5680000)
  from space 3584K, 99% used [0x00000000d5680000,0x00000000d59fe6a0,0x00000000d5a00000)
  to   space 4608K, 0% used [0x00000000d5b80000,0x00000000d5b80000,0x00000000d6000000)
 ParOldGen       total 727552K, used 727277K [0x0000000080000000, 0x00000000ac680000, 0x00000000d5580000)
  object space 727552K, 99% used [0x0000000080000000,0x00000000ac63b450,0x00000000ac680000)
 Metaspace       used 91404K, committed 93376K, reserved 1179648K
  class space    used 9489K, committed 10368K, reserved 1048576K
}
Event: 1202.238 GC heap after
{Heap after GC invocations=1188 (full 6):
 PSYoungGen      total 3584K, used 1730K [0x00000000d5580000, 0x00000000d5d80000, 0x0000000100000000)
  eden space 1536K, 0% used [0x00000000d5580000,0x00000000d5580000,0x00000000d5700000)
  from space 2048K, 84% used [0x00000000d5b80000,0x00000000d5d30908,0x00000000d5d80000)
  to   space 3072K, 0% used [0x00000000d5780000,0x00000000d5780000,0x00000000d5a80000)
 ParOldGen       total 727552K, used 727341K [0x0000000080000000, 0x00000000ac680000, 0x00000000d5580000)
  object space 727552K, 99% used [0x0000000080000000,0x00000000ac64b450,0x00000000ac680000)
 Metaspace       used 91404K, committed 93376K, reserved 1179648K
  class space    used 9489K, committed 10368K, reserved 1048576K
}
Event: 1202.242 GC heap before
{Heap before GC invocations=1189 (full 6):
 PSYoungGen      total 3584K, used 3266K [0x00000000d5580000, 0x00000000d5d80000, 0x0000000100000000)
  eden space 1536K, 100% used [0x00000000d5580000,0x00000000d5700000,0x00000000d5700000)
  from space 2048K, 84% used [0x00000000d5b80000,0x00000000d5d30908,0x00000000d5d80000)
  to   space 3072K, 0% used [0x00000000d5780000,0x00000000d5780000,0x00000000d5a80000)
 ParOldGen       total 727552K, used 727341K [0x0000000080000000, 0x00000000ac680000, 0x00000000d5580000)
  object space 727552K, 99% used [0x0000000080000000,0x00000000ac64b450,0x00000000ac680000)
 Metaspace       used 91404K, committed 93376K, reserved 1179648K
  class space    used 9489K, committed 10368K, reserved 1048576K
}
Event: 1202.246 GC heap after
{Heap after GC invocations=1189 (full 6):
 PSYoungGen      total 4096K, used 1858K [0x00000000d5580000, 0x00000000d5c00000, 0x0000000100000000)
  eden space 2048K, 0% used [0x00000000d5580000,0x00000000d5580000,0x00000000d5780000)
  from space 2048K, 90% used [0x00000000d5780000,0x00000000d5950b78,0x00000000d5980000)
  to   space 2048K, 0% used [0x00000000d5a00000,0x00000000d5a00000,0x00000000d5c00000)
 ParOldGen       total 727552K, used 727341K [0x0000000080000000, 0x00000000ac680000, 0x00000000d5580000)
  object space 727552K, 99% used [0x0000000080000000,0x00000000ac64b450,0x00000000ac680000)
 Metaspace       used 91404K, committed 93376K, reserved 1179648K
  class space    used 9489K, committed 10368K, reserved 1048576K
}
Event: 1202.252 GC heap before
{Heap before GC invocations=1190 (full 6):
 PSYoungGen      total 4096K, used 3906K [0x00000000d5580000, 0x00000000d5c00000, 0x0000000100000000)
  eden space 2048K, 100% used [0x00000000d5580000,0x00000000d5780000,0x00000000d5780000)
  from space 2048K, 90% used [0x00000000d5780000,0x00000000d5950b78,0x00000000d5980000)
  to   space 2048K, 0% used [0x00000000d5a00000,0x00000000d5a00000,0x00000000d5c00000)
 ParOldGen       total 727552K, used 727341K [0x0000000080000000, 0x00000000ac680000, 0x00000000d5580000)
  object space 727552K, 99% used [0x0000000080000000,0x00000000ac64b450,0x00000000ac680000)
 Metaspace       used 91404K, committed 93376K, reserved 1179648K
  class space    used 9489K, committed 10368K, reserved 1048576K
}
Event: 1202.255 GC heap after
{Heap after GC invocations=1190 (full 6):
 PSYoungGen      total 4608K, used 1918K [0x00000000d5580000, 0x00000000d5c00000, 0x0000000100000000)
  eden space 2560K, 0% used [0x00000000d5580000,0x00000000d5580000,0x00000000d5800000)
  from space 2048K, 93% used [0x00000000d5a00000,0x00000000d5bdf840,0x00000000d5c00000)
  to   space 2048K, 0% used [0x00000000d5800000,0x00000000d5800000,0x00000000d5a00000)
 ParOldGen       total 728064K, used 727616K [0x0000000080000000, 0x00000000ac700000, 0x00000000d5580000)
  object space 728064K, 99% used [0x0000000080000000,0x00000000ac690160,0x00000000ac700000)
 Metaspace       used 91404K, committed 93376K, reserved 1179648K
  class space    used 9489K, committed 10368K, reserved 1048576K
}
Event: 1202.265 GC heap before
{Heap before GC invocations=1191 (full 6):
 PSYoungGen      total 4608K, used 4478K [0x00000000d5580000, 0x00000000d5c00000, 0x0000000100000000)
  eden space 2560K, 100% used [0x00000000d5580000,0x00000000d5800000,0x00000000d5800000)
  from space 2048K, 93% used [0x00000000d5a00000,0x00000000d5bdf840,0x00000000d5c00000)
  to   space 2048K, 0% used [0x00000000d5800000,0x00000000d5800000,0x00000000d5a00000)
 ParOldGen       total 728064K, used 727616K [0x0000000080000000, 0x00000000ac700000, 0x00000000d5580000)
  object space 728064K, 99% used [0x0000000080000000,0x00000000ac690160,0x00000000ac700000)
 Metaspace       used 91404K, committed 93376K, reserved 1179648K
  class space    used 9489K, committed 10368K, reserved 1048576K
}
Event: 1202.267 GC heap after
{Heap after GC invocations=1191 (full 6):
 PSYoungGen      total 4608K, used 1738K [0x00000000d5580000, 0x00000000d5c80000, 0x0000000100000000)
  eden space 2560K, 0% used [0x00000000d5580000,0x00000000d5580000,0x00000000d5800000)
  from space 2048K, 84% used [0x00000000d5800000,0x00000000d59b2ba0,0x00000000d5a00000)
  to   space 2048K, 0% used [0x00000000d5a80000,0x00000000d5a80000,0x00000000d5c80000)
 ParOldGen       total 728064K, used 727972K [0x0000000080000000, 0x00000000ac700000, 0x00000000d5580000)
  object space 728064K, 99% used [0x0000000080000000,0x00000000ac6e90c8,0x00000000ac700000)
 Metaspace       used 91404K, committed 93376K, reserved 1179648K
  class space    used 9489K, committed 10368K, reserved 1048576K
}
Event: 1205.256 GC heap before
{Heap before GC invocations=1192 (full 6):
 PSYoungGen      total 4608K, used 4298K [0x00000000d5580000, 0x00000000d5c80000, 0x0000000100000000)
  eden space 2560K, 100% used [0x00000000d5580000,0x00000000d5800000,0x00000000d5800000)
  from space 2048K, 84% used [0x00000000d5800000,0x00000000d59b2ba0,0x00000000d5a00000)
  to   space 2048K, 0% used [0x00000000d5a80000,0x00000000d5a80000,0x00000000d5c80000)
 ParOldGen       total 728064K, used 727972K [0x0000000080000000, 0x00000000ac700000, 0x00000000d5580000)
  object space 728064K, 99% used [0x0000000080000000,0x00000000ac6e90c8,0x00000000ac700000)
 Metaspace       used 91407K, committed 93376K, reserved 1179648K
  class space    used 9489K, committed 10368K, reserved 1048576K
}
Event: 1205.258 GC heap after
{Heap after GC invocations=1192 (full 6):
 PSYoungGen      total 4608K, used 1360K [0x00000000d5580000, 0x00000000d5c00000, 0x0000000100000000)
  eden space 3072K, 0% used [0x00000000d5580000,0x00000000d5580000,0x00000000d5880000)
  from space 1536K, 88% used [0x00000000d5a80000,0x00000000d5bd42a0,0x00000000d5c00000)
  to   space 1536K, 0% used [0x00000000d5900000,0x00000000d5900000,0x00000000d5a80000)
 ParOldGen       total 728064K, used 727972K [0x0000000080000000, 0x00000000ac700000, 0x00000000d5580000)
  object space 728064K, 99% used [0x0000000080000000,0x00000000ac6e90c8,0x00000000ac700000)
 Metaspace       used 91407K, committed 93376K, reserved 1179648K
  class space    used 9489K, committed 10368K, reserved 1048576K
}
Event: 1205.263 GC heap before
{Heap before GC invocations=1193 (full 6):
 PSYoungGen      total 4608K, used 4432K [0x00000000d5580000, 0x00000000d5c00000, 0x0000000100000000)
  eden space 3072K, 100% used [0x00000000d5580000,0x00000000d5880000,0x00000000d5880000)
  from space 1536K, 88% used [0x00000000d5a80000,0x00000000d5bd42a0,0x00000000d5c00000)
  to   space 1536K, 0% used [0x00000000d5900000,0x00000000d5900000,0x00000000d5a80000)
 ParOldGen       total 728064K, used 727972K [0x0000000080000000, 0x00000000ac700000, 0x00000000d5580000)
  object space 728064K, 99% used [0x0000000080000000,0x00000000ac6e90c8,0x00000000ac700000)
 Metaspace       used 91407K, committed 93376K, reserved 1179648K
  class space    used 9489K, committed 10368K, reserved 1048576K
}
Event: 1205.265 GC heap after
{Heap after GC invocations=1193 (full 6):
 PSYoungGen      total 5120K, used 1428K [0x00000000d5580000, 0x00000000d5c00000, 0x0000000100000000)
  eden space 3584K, 0% used [0x00000000d5580000,0x00000000d5580000,0x00000000d5900000)
  from space 1536K, 93% used [0x00000000d5900000,0x00000000d5a65220,0x00000000d5a80000)
  to   space 1536K, 0% used [0x00000000d5a80000,0x00000000d5a80000,0x00000000d5c00000)
 ParOldGen       total 728576K, used 728206K [0x0000000080000000, 0x00000000ac780000, 0x00000000d5580000)
  object space 728576K, 99% used [0x0000000080000000,0x00000000ac723848,0x00000000ac780000)
 Metaspace       used 91407K, committed 93376K, reserved 1179648K
  class space    used 9489K, committed 10368K, reserved 1048576K
}
Event: 1205.272 GC heap before
{Heap before GC invocations=1194 (full 6):
 PSYoungGen      total 5120K, used 5012K [0x00000000d5580000, 0x00000000d5c00000, 0x0000000100000000)
  eden space 3584K, 100% used [0x00000000d5580000,0x00000000d5900000,0x00000000d5900000)
  from space 1536K, 93% used [0x00000000d5900000,0x00000000d5a65220,0x00000000d5a80000)
  to   space 1536K, 0% used [0x00000000d5a80000,0x00000000d5a80000,0x00000000d5c00000)
 ParOldGen       total 728576K, used 728206K [0x0000000080000000, 0x00000000ac780000, 0x00000000d5580000)
  object space 728576K, 99% used [0x0000000080000000,0x00000000ac723848,0x00000000ac780000)
 Metaspace       used 91407K, committed 93376K, reserved 1179648K
  class space    used 9489K, committed 10368K, reserved 1048576K
}
Event: 1205.274 GC heap after
{Heap after GC invocations=1194 (full 6):
 PSYoungGen      total 4608K, used 1508K [0x00000000d5580000, 0x00000000d5d80000, 0x0000000100000000)
  eden space 3072K, 0% used [0x00000000d5580000,0x00000000d5580000,0x00000000d5880000)
  from space 1536K, 98% used [0x00000000d5a80000,0x00000000d5bf9230,0x00000000d5c00000)
  to   space 2048K, 0% used [0x00000000d5880000,0x00000000d5880000,0x00000000d5a80000)
 ParOldGen       total 728576K, used 728278K [0x0000000080000000, 0x00000000ac780000, 0x00000000d5580000)
  object space 728576K, 99% used [0x0000000080000000,0x00000000ac735848,0x00000000ac780000)
 Metaspace       used 91407K, committed 93376K, reserved 1179648K
  class space    used 9489K, committed 10368K, reserved 1048576K
}

Dll operation events (12 events):
Event: 0.080 Loaded shared library c:\Users\Admin\.vscode\extensions\redhat.java-1.54.0-win32-x64\jre\21.0.10-win32-x86_64\bin\java.dll
Event: 0.183 Loaded shared library c:\Users\Admin\.vscode\extensions\redhat.java-1.54.0-win32-x64\jre\21.0.10-win32-x86_64\bin\zip.dll
Event: 0.228 Loaded shared library C:\Users\Admin\.vscode\extensions\redhat.java-1.54.0-win32-x64\jre\21.0.10-win32-x86_64\bin\instrument.dll
Event: 0.260 Loaded shared library C:\Users\Admin\.vscode\extensions\redhat.java-1.54.0-win32-x64\jre\21.0.10-win32-x86_64\bin\net.dll
Event: 0.288 Loaded shared library C:\Users\Admin\.vscode\extensions\redhat.java-1.54.0-win32-x64\jre\21.0.10-win32-x86_64\bin\nio.dll
Event: 0.291 Loaded shared library C:\Users\Admin\.vscode\extensions\redhat.java-1.54.0-win32-x64\jre\21.0.10-win32-x86_64\bin\zip.dll
Event: 0.306 Loaded shared library C:\Users\Admin\.vscode\extensions\redhat.java-1.54.0-win32-x64\jre\21.0.10-win32-x86_64\bin\jimage.dll
Event: 0.391 Loaded shared library c:\Users\Admin\.vscode\extensions\redhat.java-1.54.0-win32-x64\jre\21.0.10-win32-x86_64\bin\verify.dll
Event: 9.391 Loaded shared library C:\Users\Admin\AppData\Roaming\Code\User\globalStorage\redhat.java\1.54.0\config_win\org.eclipse.equinox.launcher\org.eclipse.equinox.launcher.win32.win32.x86_64_1.3.0.v20260203-2149\eclipse_11919.dll
Event: 23.943 Loaded shared library C:\Users\Admin\AppData\Local\Temp\jna-63116079\jna2055222156099951358.dll
Event: 25.718 Loaded shared library C:\Users\Admin\.vscode\extensions\redhat.java-1.54.0-win32-x64\jre\21.0.10-win32-x86_64\bin\sunmscapi.dll
Event: 26.414 Loaded shared library C:\Users\Admin\.vscode\extensions\redhat.java-1.54.0-win32-x64\jre\21.0.10-win32-x86_64\bin\extnet.dll

Deoptimization events (20 events):
Event: 1126.115 Thread 0x000001e598070430 DEOPT PACKING pc=0x000001e5417239ec sp=0x000000cdfd4fda90
Event: 1126.115 Thread 0x000001e598070430 DEOPT UNPACKING pc=0x000001e540783aa2 sp=0x000000cdfd4fda10 mode 2
Event: 1126.115 Thread 0x000001e598070430 Uncommon trap: trap_request=0xffffffde fr.pc=0x000001e5417239ec relative=0x00000000000006ac
Event: 1126.115 Thread 0x000001e598070430 Uncommon trap: reason=class_check action=maybe_recompile pc=0x000001e5417239ec method=org.eclipse.jdt.internal.compiler.lookup.ReferenceBinding.storeAnnotations(Lorg/eclipse/jdt/internal/compiler/lookup/Binding;[Lorg/eclipse/jdt/internal/compiler/lookup/A
Event: 1126.115 Thread 0x000001e598070430 DEOPT PACKING pc=0x000001e5417239ec sp=0x000000cdfd4fda90
Event: 1126.115 Thread 0x000001e598070430 DEOPT UNPACKING pc=0x000001e540783aa2 sp=0x000000cdfd4fda10 mode 2
Event: 1126.115 Thread 0x000001e598070430 Uncommon trap: trap_request=0xffffffde fr.pc=0x000001e5417239ec relative=0x00000000000006ac
Event: 1126.115 Thread 0x000001e598070430 Uncommon trap: reason=class_check action=maybe_recompile pc=0x000001e5417239ec method=org.eclipse.jdt.internal.compiler.lookup.ReferenceBinding.storeAnnotations(Lorg/eclipse/jdt/internal/compiler/lookup/Binding;[Lorg/eclipse/jdt/internal/compiler/lookup/A
Event: 1126.115 Thread 0x000001e598070430 DEOPT PACKING pc=0x000001e5417239ec sp=0x000000cdfd4fda90
Event: 1126.115 Thread 0x000001e598070430 DEOPT UNPACKING pc=0x000001e540783aa2 sp=0x000000cdfd4fda10 mode 2
Event: 1126.116 Thread 0x000001e598070430 DEOPT PACKING pc=0x000001e53a885378 sp=0x000000cdfd4fd060
Event: 1126.116 Thread 0x000001e598070430 DEOPT UNPACKING pc=0x000001e540784242 sp=0x000000cdfd4fc518 mode 0
Event: 1126.118 Thread 0x000001e598070430 Uncommon trap: trap_request=0xffffff45 fr.pc=0x000001e541d9e450 relative=0x00000000000037b0
Event: 1126.118 Thread 0x000001e598070430 Uncommon trap: reason=unstable_if action=reinterpret pc=0x000001e541d9e450 method=org.eclipse.jdt.internal.compiler.lookup.ReferenceBinding.computeId()V @ 480 c2
Event: 1126.118 Thread 0x000001e598070430 DEOPT PACKING pc=0x000001e541d9e450 sp=0x000000cdfd4fd410
Event: 1126.118 Thread 0x000001e598070430 DEOPT UNPACKING pc=0x000001e540783aa2 sp=0x000000cdfd4fd390 mode 2
Event: 1126.138 Thread 0x000001e598070430 Uncommon trap: trap_request=0xffffff45 fr.pc=0x000001e54189f754 relative=0x00000000000006d4
Event: 1126.138 Thread 0x000001e598070430 Uncommon trap: reason=unstable_if action=reinterpret pc=0x000001e54189f754 method=org.eclipse.jdt.core.dom.ASTRecoveryPropagator.endVisitNode(Lorg/eclipse/jdt/core/dom/ASTNode;)V @ 26 c2
Event: 1126.138 Thread 0x000001e598070430 DEOPT PACKING pc=0x000001e54189f754 sp=0x000000cdfd4fe110
Event: 1126.138 Thread 0x000001e598070430 DEOPT UNPACKING pc=0x000001e540783aa2 sp=0x000000cdfd4fe0b8 mode 2

Classes loaded (20 events):
Event: 263.909 Loading class jdk/internal/module/IllegalAccessLogger
Event: 263.909 Loading class jdk/internal/module/IllegalAccessLogger done
Event: 334.568 Loading class java/util/stream/Nodes$CollectorTask$OfRef
Event: 334.568 Loading class java/util/stream/Nodes$CollectorTask
Event: 334.568 Loading class java/util/stream/Nodes$CollectorTask done
Event: 334.568 Loading class java/util/stream/Nodes$CollectorTask$OfRef done
Event: 334.571 Loading class java/util/function/LongFunction
Event: 334.571 Loading class java/util/function/LongFunction done
Event: 334.571 Loading class java/util/stream/Nodes$ConcNode
Event: 334.571 Loading class java/util/stream/Nodes$AbstractConcNode
Event: 334.571 Loading class java/util/stream/Nodes$AbstractConcNode done
Event: 334.571 Loading class java/util/stream/Nodes$ConcNode done
Event: 334.589 Loading class java/io/ObjectOutputStream$BlockDataOutputStream
Event: 334.589 Loading class java/io/ObjectOutputStream$BlockDataOutputStream done
Event: 334.589 Loading class java/io/ObjectOutputStream$HandleTable
Event: 334.590 Loading class java/io/ObjectOutputStream$HandleTable done
Event: 334.590 Loading class java/io/ObjectOutputStream$ReplaceTable
Event: 334.590 Loading class java/io/ObjectOutputStream$ReplaceTable done
Event: 1124.440 Loading class java/lang/MatchException
Event: 1124.440 Loading class java/lang/MatchException done

Classes unloaded (10 events):
Event: 24.500 Thread 0x000001e58ee64ba0 Unloading class 0x000001e54e1a9000 'java/lang/invoke/LambdaForm$MH+0x000001e54e1a9000'
Event: 24.500 Thread 0x000001e58ee64ba0 Unloading class 0x000001e54e1a8c00 'java/lang/invoke/LambdaForm$MH+0x000001e54e1a8c00'
Event: 24.500 Thread 0x000001e58ee64ba0 Unloading class 0x000001e54e1a8800 'java/lang/invoke/LambdaForm$MH+0x000001e54e1a8800'
Event: 24.500 Thread 0x000001e58ee64ba0 Unloading class 0x000001e54e1a8400 'java/lang/invoke/LambdaForm$MH+0x000001e54e1a8400'
Event: 24.500 Thread 0x000001e58ee64ba0 Unloading class 0x000001e54e1a8000 'java/lang/invoke/LambdaForm$BMH+0x000001e54e1a8000'
Event: 24.500 Thread 0x000001e58ee64ba0 Unloading class 0x000001e54e1a7c00 'java/lang/invoke/LambdaForm$DMH+0x000001e54e1a7c00'
Event: 24.500 Thread 0x000001e58ee64ba0 Unloading class 0x000001e54e1a6c00 'java/lang/invoke/LambdaForm$DMH+0x000001e54e1a6c00'
Event: 190.822 Thread 0x000001e58ee64ba0 Unloading class 0x000001e54e7f4c00 'java/lang/invoke/LambdaForm$DMH+0x000001e54e7f4c00'
Event: 190.822 Thread 0x000001e58ee64ba0 Unloading class 0x000001e54e7f4800 'java/lang/invoke/LambdaForm$DMH+0x000001e54e7f4800'
Event: 190.822 Thread 0x000001e58ee64ba0 Unloading class 0x000001e54e7f4400 'java/lang/invoke/LambdaForm$DMH+0x000001e54e7f4400'

Classes redefined (0 events):
No events

Internal exceptions (20 events):
Event: 1089.153 Thread 0x000001e5952d7aa0 Implicit null exception at 0x000001e540fdce91 to 0x000001e540fdd174
Event: 1089.153 Thread 0x000001e5952d7aa0 Implicit null exception at 0x000001e5410a0c69 to 0x000001e5410a0d4c
Event: 1091.850 Thread 0x000001e598070ac0 Implicit null exception at 0x000001e541bebfc4 to 0x000001e541bec020
Event: 1092.498 Thread 0x000001e598070ac0 Exception <a 'sun/nio/fs/WindowsException'{0x00000000d567fa10}> (0x00000000d567fa10) 
thrown [s\src\hotspot\share\prims\jni.cpp, line 520]
Event: 1092.498 Thread 0x000001e598070ac0 Exception <a 'sun/nio/fs/WindowsException'{0x00000000d56802d8}> (0x00000000d56802d8) 
thrown [s\src\hotspot\share\prims\jni.cpp, line 520]
Event: 1092.612 Thread 0x000001e598070ac0 Exception <a 'sun/nio/fs/WindowsException'{0x00000000d56986b8}> (0x00000000d56986b8) 
thrown [s\src\hotspot\share\prims\jni.cpp, line 520]
Event: 1092.612 Thread 0x000001e598070ac0 Exception <a 'sun/nio/fs/WindowsException'{0x00000000d5698f80}> (0x00000000d5698f80) 
thrown [s\src\hotspot\share\prims\jni.cpp, line 520]
Event: 1092.707 Thread 0x000001e598070ac0 Exception <a 'sun/nio/fs/WindowsException'{0x00000000d589dcc8}> (0x00000000d589dcc8) 
thrown [s\src\hotspot\share\prims\jni.cpp, line 520]
Event: 1092.707 Thread 0x000001e598070ac0 Exception <a 'sun/nio/fs/WindowsException'{0x00000000d589e590}> (0x00000000d589e590) 
thrown [s\src\hotspot\share\prims\jni.cpp, line 520]
Event: 1092.733 Thread 0x000001e598070ac0 Exception <a 'sun/nio/fs/WindowsException'{0x00000000d55c9210}> (0x00000000d55c9210) 
thrown [s\src\hotspot\share\prims\jni.cpp, line 520]
Event: 1092.733 Thread 0x000001e598070ac0 Exception <a 'sun/nio/fs/WindowsException'{0x00000000d55c9ad8}> (0x00000000d55c9ad8) 
thrown [s\src\hotspot\share\prims\jni.cpp, line 520]
Event: 1092.782 Thread 0x000001e598070ac0 Exception <a 'sun/nio/fs/WindowsException'{0x00000000d572fcc0}> (0x00000000d572fcc0) 
thrown [s\src\hotspot\share\prims\jni.cpp, line 520]
Event: 1092.782 Thread 0x000001e598070ac0 Exception <a 'sun/nio/fs/WindowsException'{0x00000000d5730588}> (0x00000000d5730588) 
thrown [s\src\hotspot\share\prims\jni.cpp, line 520]
Event: 1092.804 Thread 0x000001e598070ac0 Exception <a 'sun/nio/fs/WindowsException'{0x00000000d5670e78}> (0x00000000d5670e78) 
thrown [s\src\hotspot\share\prims\jni.cpp, line 520]
Event: 1092.804 Thread 0x000001e598070ac0 Exception <a 'sun/nio/fs/WindowsException'{0x00000000d5671740}> (0x00000000d5671740) 
thrown [s\src\hotspot\share\prims\jni.cpp, line 520]
Event: 1092.822 Thread 0x000001e598070ac0 Exception <a 'sun/nio/fs/WindowsException'{0x00000000d5818730}> (0x00000000d5818730) 
thrown [s\src\hotspot\share\prims\jni.cpp, line 520]
Event: 1092.822 Thread 0x000001e598070ac0 Exception <a 'sun/nio/fs/WindowsException'{0x00000000d5818ff8}> (0x00000000d5818ff8) 
thrown [s\src\hotspot\share\prims\jni.cpp, line 520]
Event: 1092.908 Thread 0x000001e598070ac0 Exception <a 'sun/nio/fs/WindowsException'{0x00000000d58bb300}> (0x00000000d58bb300) 
thrown [s\src\hotspot\share\prims\jni.cpp, line 520]
Event: 1092.908 Thread 0x000001e598070ac0 Exception <a 'sun/nio/fs/WindowsException'{0x00000000d58bbbc8}> (0x00000000d58bbbc8) 
thrown [s\src\hotspot\share\prims\jni.cpp, line 520]
Event: 1125.988 Thread 0x000001e598070430 Exception <a 'java/lang/NoSuchMethodError'{0x00000000d57d6d20}: 'int java.lang.invoke.DirectMethodHandle$Holder.invokeSpecial(java.lang.Object, java.lang.Object, java.lang.Object, java.lang.Object, java.lang.Object)'> (0x00000000d57d6d20) 
thrown [s\src\hotspot\share\interpreter\linkResolver.cpp, line 773]

ZGC Phase Switch (0 events):
No events

VM Operations (20 events):
Event: 3780.800 Executing non-safepoint VM operation: HandshakeAllThreads (HandshakeForDeflation)
Event: 3780.800 Executing non-safepoint VM operation: HandshakeAllThreads (HandshakeForDeflation) done
Event: 3780.800 Executing non-safepoint VM operation: RendezvousGCThreads
Event: 3780.800 Executing non-safepoint VM operation: RendezvousGCThreads done
Event: 3840.857 Executing non-safepoint VM operation: HandshakeAllThreads (HandshakeForDeflation)
Event: 3840.857 Executing non-safepoint VM operation: HandshakeAllThreads (HandshakeForDeflation) done
Event: 3840.857 Executing non-safepoint VM operation: RendezvousGCThreads
Event: 3840.857 Executing non-safepoint VM operation: RendezvousGCThreads done
Event: 3900.932 Executing non-safepoint VM operation: HandshakeAllThreads (HandshakeForDeflation)
Event: 3900.932 Executing non-safepoint VM operation: HandshakeAllThreads (HandshakeForDeflation) done
Event: 3900.932 Executing non-safepoint VM operation: RendezvousGCThreads
Event: 3900.932 Executing non-safepoint VM operation: RendezvousGCThreads done
Event: 3961.169 Executing non-safepoint VM operation: HandshakeAllThreads (HandshakeForDeflation)
Event: 3961.169 Executing non-safepoint VM operation: HandshakeAllThreads (HandshakeForDeflation) done
Event: 3961.169 Executing non-safepoint VM operation: RendezvousGCThreads
Event: 3961.169 Executing non-safepoint VM operation: RendezvousGCThreads done
Event: 4021.194 Executing non-safepoint VM operation: HandshakeAllThreads (HandshakeForDeflation)
Event: 4021.194 Executing non-safepoint VM operation: HandshakeAllThreads (HandshakeForDeflation) done
Event: 4021.194 Executing non-safepoint VM operation: RendezvousGCThreads
Event: 4021.194 Executing non-safepoint VM operation: RendezvousGCThreads done

Memory protections (0 events):
No events

Nmethod flushes (20 events):
Event: 199.237 Thread 0x000001e58ee64ba0 flushing  nmethod 0x000001e53b296690
Event: 199.237 Thread 0x000001e58ee64ba0 flushing  nmethod 0x000001e53b29e690
Event: 199.237 Thread 0x000001e58ee64ba0 flushing  nmethod 0x000001e53b2b9590
Event: 199.237 Thread 0x000001e58ee64ba0 flushing  nmethod 0x000001e53b2ba590
Event: 199.237 Thread 0x000001e58ee64ba0 flushing  nmethod 0x000001e53b2bb390
Event: 199.237 Thread 0x000001e58ee64ba0 flushing  nmethod 0x000001e53b2c7890
Event: 199.237 Thread 0x000001e58ee64ba0 flushing  nmethod 0x000001e53b3bac90
Event: 199.237 Thread 0x000001e58ee64ba0 flushing  nmethod 0x000001e53b45e290
Event: 199.237 Thread 0x000001e58ee64ba0 flushing  nmethod 0x000001e53b4c1c10
Event: 199.237 Thread 0x000001e58ee64ba0 flushing  nmethod 0x000001e53b4dcc90
Event: 199.237 Thread 0x000001e58ee64ba0 flushing  nmethod 0x000001e53b521d90
Event: 199.237 Thread 0x000001e58ee64ba0 flushing  nmethod 0x000001e53b522190
Event: 199.237 Thread 0x000001e58ee64ba0 flushing  nmethod 0x000001e53b527a10
Event: 199.237 Thread 0x000001e58ee64ba0 flushing  nmethod 0x000001e53b533c90
Event: 199.237 Thread 0x000001e58ee64ba0 flushing  nmethod 0x000001e53b620890
Event: 199.237 Thread 0x000001e58ee64ba0 flushing  nmethod 0x000001e53b62f290
Event: 199.237 Thread 0x000001e58ee64ba0 flushing  nmethod 0x000001e53b653e90
Event: 199.237 Thread 0x000001e58ee64ba0 flushing  nmethod 0x000001e53b668290
Event: 199.237 Thread 0x000001e58ee64ba0 flushing  nmethod 0x000001e53b694990
Event: 199.237 Thread 0x000001e58ee64ba0 flushing  nmethod 0x000001e53b6d5810

Events (20 events):
Event: 1194.748 Thread 0x000001e598070ac0 Thread exited: 0x000001e598070ac0
Event: 1194.748 Thread 0x000001e598070430 Thread exited: 0x000001e598070430
Event: 1224.024 Thread 0x000001e5952d7aa0 Thread exited: 0x000001e5952d7aa0
Event: 1249.852 Thread 0x000001e59a0b8a90 Thread added: 0x000001e597888ea0
Event: 1266.084 Thread 0x000001e59a0b8a90 Thread added: 0x000001e59788a250
Event: 1329.087 Thread 0x000001e5952d87c0 Thread exited: 0x000001e5952d87c0
Event: 1329.087 Thread 0x000001e59a0b8a90 Thread exited: 0x000001e59a0b8a90
Event: 1332.102 Thread 0x000001e59a0b6330 Thread exited: 0x000001e59a0b6330
Event: 1392.107 Thread 0x000001e59a0b2820 Thread exited: 0x000001e59a0b2820
Event: 1452.112 Thread 0x000001e59a0b4260 Thread exited: 0x000001e59a0b4260
Event: 1512.118 Thread 0x000001e598071e70 Thread exited: 0x000001e598071e70
Event: 1572.122 Thread 0x000001e598072500 Thread exited: 0x000001e598072500
Event: 1632.139 Thread 0x000001e598072b90 Thread exited: 0x000001e598072b90
Event: 1692.137 Thread 0x000001e59806f710 Thread exited: 0x000001e59806f710
Event: 1752.148 Thread 0x000001e59a0b3540 Thread exited: 0x000001e59a0b3540
Event: 1812.158 Thread 0x000001e5980717e0 Thread exited: 0x000001e5980717e0
Event: 1872.165 Thread 0x000001e598073220 Thread exited: 0x000001e598073220
Event: 1932.173 Thread 0x000001e59806bc00 Thread exited: 0x000001e59806bc00
Event: 1992.188 Thread 0x000001e59806fda0 Thread exited: 0x000001e59806fda0
Event: 2052.187 Thread 0x000001e598071150 Thread exited: 0x000001e598071150


Dynamic libraries:
0x00007ff6aed40000 - 0x00007ff6aed4e000 	c:\Users\Admin\.vscode\extensions\redhat.java-1.54.0-win32-x64\jre\21.0.10-win32-x86_64\bin\java.exe
0x00007ffcef820000 - 0x00007ffcefa87000 	C:\WINDOWS\SYSTEM32\ntdll.dll
0x00007ffcee1c0000 - 0x00007ffcee289000 	C:\WINDOWS\System32\KERNEL32.DLL
0x00007ffcec550000 - 0x00007ffcec944000 	C:\WINDOWS\System32\KERNELBASE.dll
0x00007ffcec260000 - 0x00007ffcec3ab000 	C:\WINDOWS\System32\ucrtbase.dll
0x00007ffce50e0000 - 0x00007ffce50fe000 	c:\Users\Admin\.vscode\extensions\redhat.java-1.54.0-win32-x64\jre\21.0.10-win32-x86_64\bin\VCRUNTIME140.dll
0x00007ffce3d20000 - 0x00007ffce3d38000 	c:\Users\Admin\.vscode\extensions\redhat.java-1.54.0-win32-x64\jre\21.0.10-win32-x86_64\bin\jli.dll
0x00007ffceec00000 - 0x00007ffceedc5000 	C:\WINDOWS\System32\USER32.dll
0x00007ffccca00000 - 0x00007ffcccc93000 	C:\WINDOWS\WinSxS\amd64_microsoft.windows.common-controls_6595b64144ccf1df_6.0.26100.8115_none_3e075c82e3354f9c\COMCTL32.dll
0x00007ffcee520000 - 0x00007ffcee5c9000 	C:\WINDOWS\System32\msvcrt.dll
0x00007ffcec3b0000 - 0x00007ffcec3d7000 	C:\WINDOWS\System32\win32u.dll
0x00007ffcee290000 - 0x00007ffcee2bb000 	C:\WINDOWS\System32\GDI32.dll
0x00007ffcecb60000 - 0x00007ffcecc8b000 	C:\WINDOWS\System32\gdi32full.dll
0x00007ffcec3e0000 - 0x00007ffcec483000 	C:\WINDOWS\System32\msvcp_win.dll
0x00007ffcef6d0000 - 0x00007ffcef702000 	C:\WINDOWS\System32\IMM32.DLL
0x00007ffce4670000 - 0x00007ffce467c000 	c:\Users\Admin\.vscode\extensions\redhat.java-1.54.0-win32-x64\jre\21.0.10-win32-x86_64\bin\vcruntime140_1.dll
0x00007ffc8ade0000 - 0x00007ffc8ae6d000 	c:\Users\Admin\.vscode\extensions\redhat.java-1.54.0-win32-x64\jre\21.0.10-win32-x86_64\bin\msvcp140.dll
0x00007ffc38b10000 - 0x00007ffc398b1000 	c:\Users\Admin\.vscode\extensions\redhat.java-1.54.0-win32-x64\jre\21.0.10-win32-x86_64\bin\server\jvm.dll
0x00007ffcef720000 - 0x00007ffcef7d6000 	C:\WINDOWS\System32\ADVAPI32.dll
0x00007ffcedf60000 - 0x00007ffcee007000 	C:\WINDOWS\System32\sechost.dll
0x00007ffcee030000 - 0x00007ffcee148000 	C:\WINDOWS\System32\RPCRT4.dll
0x00007ffcede50000 - 0x00007ffceded0000 	C:\WINDOWS\System32\WS2_32.dll
0x00007ffcebf50000 - 0x00007ffcebfae000 	C:\WINDOWS\SYSTEM32\POWRPROF.dll
0x00007ffce5340000 - 0x00007ffce5376000 	C:\WINDOWS\SYSTEM32\WINMM.dll
0x00007ffce5380000 - 0x00007ffce538b000 	C:\WINDOWS\SYSTEM32\VERSION.dll
0x00007ffcebf30000 - 0x00007ffcebf44000 	C:\WINDOWS\SYSTEM32\UMPDC.dll
0x00007ffceae80000 - 0x00007ffceae9b000 	C:\WINDOWS\SYSTEM32\kernel.appcore.dll
0x00007ffce38d0000 - 0x00007ffce38da000 	c:\Users\Admin\.vscode\extensions\redhat.java-1.54.0-win32-x64\jre\21.0.10-win32-x86_64\bin\jimage.dll
0x00007ffce0a90000 - 0x00007ffce0cd2000 	C:\WINDOWS\SYSTEM32\DBGHELP.DLL
0x00007ffced9e0000 - 0x00007ffcedd62000 	C:\WINDOWS\System32\combase.dll
0x00007ffcedd70000 - 0x00007ffcede48000 	C:\WINDOWS\System32\OLEAUT32.dll
0x00007ffcca390000 - 0x00007ffcca3cb000 	C:\WINDOWS\SYSTEM32\dbgcore.DLL
0x00007ffcecc90000 - 0x00007ffcecd35000 	C:\WINDOWS\System32\bcryptPrimitives.dll
0x00007ffce38c0000 - 0x00007ffce38cf000 	c:\Users\Admin\.vscode\extensions\redhat.java-1.54.0-win32-x64\jre\21.0.10-win32-x86_64\bin\instrument.dll
0x00007ffcdc0d0000 - 0x00007ffcdc0f0000 	c:\Users\Admin\.vscode\extensions\redhat.java-1.54.0-win32-x64\jre\21.0.10-win32-x86_64\bin\java.dll
0x00007ffceedd0000 - 0x00007ffcef537000 	C:\WINDOWS\System32\SHELL32.dll
0x00007ffcec0f0000 - 0x00007ffcec25a000 	C:\WINDOWS\System32\wintypes.dll
0x00007ffcecd40000 - 0x00007ffced5a8000 	C:\WINDOWS\System32\windows.storage.dll
0x00007ffced640000 - 0x00007ffced738000 	C:\WINDOWS\System32\SHCORE.dll
0x00007ffcef540000 - 0x00007ffcef5a6000 	C:\WINDOWS\System32\shlwapi.dll
0x00007ffcec010000 - 0x00007ffcec039000 	C:\WINDOWS\SYSTEM32\profapi.dll
0x00007ffcdb930000 - 0x00007ffcdb948000 	c:\Users\Admin\.vscode\extensions\redhat.java-1.54.0-win32-x64\jre\21.0.10-win32-x86_64\bin\zip.dll
0x00007ffcd9180000 - 0x00007ffcd9190000 	C:\Users\Admin\.vscode\extensions\redhat.java-1.54.0-win32-x64\jre\21.0.10-win32-x86_64\bin\net.dll
0x00007ffce6ce0000 - 0x00007ffce6e0d000 	C:\WINDOWS\SYSTEM32\WINHTTP.dll
0x00007ffceb3f0000 - 0x00007ffceb45c000 	C:\WINDOWS\system32\mswsock.dll
0x00007ffcb5a20000 - 0x00007ffcb5a36000 	C:\Users\Admin\.vscode\extensions\redhat.java-1.54.0-win32-x64\jre\21.0.10-win32-x86_64\bin\nio.dll
0x00007ffcd9170000 - 0x00007ffcd9180000 	c:\Users\Admin\.vscode\extensions\redhat.java-1.54.0-win32-x64\jre\21.0.10-win32-x86_64\bin\verify.dll
0x00007ffc8e890000 - 0x00007ffc8e8d5000 	C:\Users\Admin\AppData\Roaming\Code\User\globalStorage\redhat.java\1.54.0\config_win\org.eclipse.equinox.launcher\org.eclipse.equinox.launcher.win32.win32.x86_64_1.3.0.v20260203-2149\eclipse_11919.dll
0x00007ffced840000 - 0x00007ffced9d7000 	C:\WINDOWS\System32\ole32.dll
0x00007ffceb6e0000 - 0x00007ffceb6fb000 	C:\WINDOWS\SYSTEM32\CRYPTSP.dll
0x00007ffceade0000 - 0x00007ffceae19000 	C:\WINDOWS\system32\rsaenh.dll
0x00007ffceb4a0000 - 0x00007ffceb4d3000 	C:\WINDOWS\SYSTEM32\USERENV.dll
0x00007ffcebfe0000 - 0x00007ffcec00a000 	C:\WINDOWS\SYSTEM32\bcrypt.dll
0x00007ffceb6d0000 - 0x00007ffceb6dc000 	C:\WINDOWS\SYSTEM32\CRYPTBASE.dll
0x00007ffcea890000 - 0x00007ffcea8c2000 	C:\WINDOWS\SYSTEM32\IPHLPAPI.DLL
0x00007ffcef710000 - 0x00007ffcef71a000 	C:\WINDOWS\System32\NSI.dll
0x00007ffc8a460000 - 0x00007ffc8a4a9000 	C:\Users\Admin\AppData\Local\Temp\jna-63116079\jna2055222156099951358.dll
0x00007ffcee010000 - 0x00007ffcee018000 	C:\WINDOWS\System32\PSAPI.DLL
0x00007ffce7240000 - 0x00007ffce725d000 	C:\WINDOWS\SYSTEM32\dhcpcsvc6.DLL
0x00007ffce7190000 - 0x00007ffce71b5000 	C:\WINDOWS\SYSTEM32\dhcpcsvc.DLL
0x00007ffce7b70000 - 0x00007ffce7b7e000 	C:\Users\Admin\.vscode\extensions\redhat.java-1.54.0-win32-x64\jre\21.0.10-win32-x86_64\bin\sunmscapi.dll
0x00007ffcec950000 - 0x00007ffcecac7000 	C:\WINDOWS\System32\CRYPT32.dll
0x00007ffceb8f0000 - 0x00007ffceb920000 	C:\WINDOWS\SYSTEM32\ncrypt.dll
0x00007ffceb8a0000 - 0x00007ffceb8df000 	C:\WINDOWS\SYSTEM32\NTASN1.dll
0x00007ffcea930000 - 0x00007ffceaa62000 	C:\WINDOWS\SYSTEM32\DNSAPI.dll
0x00007ffce5390000 - 0x00007ffce539b000 	C:\Windows\System32\rasadhlp.dll
0x00007ffce7300000 - 0x00007ffce7386000 	C:\WINDOWS\System32\fwpuclnt.dll
0x00007ffce4310000 - 0x00007ffce4319000 	C:\Users\Admin\.vscode\extensions\redhat.java-1.54.0-win32-x64\jre\21.0.10-win32-x86_64\bin\extnet.dll

JVMTI agents:
c:\Users\Admin\.vscode\extensions\redhat.java-1.54.0-win32-x64\lombok\lombok-1.18.39-4050.jar path:c:\Users\Admin\.vscode\extensions\redhat.java-1.54.0-win32-x64\jre\21.0.10-win32-x86_64\bin\instrument.dll, loaded, initialized, instrumentlib options:none

dbghelp: loaded successfully - version: 4.0.5 - missing functions: none
symbol engine: initialized successfully - sym options: 0x614 - pdb path: .;c:\Users\Admin\.vscode\extensions\redhat.java-1.54.0-win32-x64\jre\21.0.10-win32-x86_64\bin;C:\WINDOWS\SYSTEM32;C:\WINDOWS\WinSxS\amd64_microsoft.windows.common-controls_6595b64144ccf1df_6.0.26100.8115_none_3e075c82e3354f9c;c:\Users\Admin\.vscode\extensions\redhat.java-1.54.0-win32-x64\jre\21.0.10-win32-x86_64\bin\server;C:\Users\Admin\AppData\Roaming\Code\User\globalStorage\redhat.java\1.54.0\config_win\org.eclipse.equinox.launcher\org.eclipse.equinox.launcher.win32.win32.x86_64_1.3.0.v20260203-2149;C:\Users\Admin\AppData\Local\Temp\jna-63116079

VM Arguments:
jvm_args: --add-modules=ALL-SYSTEM --add-opens=java.base/java.util=ALL-UNNAMED --add-opens=java.base/java.lang=ALL-UNNAMED --add-opens=java.base/sun.nio.fs=ALL-UNNAMED -Declipse.application=org.eclipse.jdt.ls.core.id1 -Dosgi.bundles.defaultStartLevel=4 -Declipse.product=org.eclipse.jdt.ls.core.product -Djava.import.generatesMetadataFilesAtProjectRoot=false -DDetectVMInstallationsJob.disabled=true -Dfile.encoding=utf8 -XX:+UseParallelGC -XX:GCTimeRatio=4 -XX:AdaptiveSizePolicyWeight=90 -Dsun.zip.disableMemoryMapping=true -Xmx2G -Xms100m -Xlog:disable -javaagent:c:\Users\Admin\.vscode\extensions\redhat.java-1.54.0-win32-x64\lombok\lombok-1.18.39-4050.jar -XX:+HeapDumpOnOutOfMemoryError -XX:HeapDumpPath=c:\Users\Admin\AppData\Roaming\Code\User\workspaceStorage\c548800247d026e5243495b536721d3f\redhat.java -Daether.dependencyCollector.impl=bf 
java_command: c:\Users\Admin\.vscode\extensions\redhat.java-1.54.0-win32-x64\server\plugins\org.eclipse.equinox.launcher_1.7.100.v20251111-0406.jar -configuration c:\Users\Admin\AppData\Roaming\Code\User\globalStorage\redhat.java\1.54.0\config_win -data c:\Users\Admin\AppData\Roaming\Code\User\workspaceStorage\c548800247d026e5243495b536721d3f\redhat.java\jdt_ws --pipe=\\.\pipe\lsp-f945b5f503485aee051eb320a4fae6e5-sock
java_class_path (initial): c:\Users\Admin\.vscode\extensions\redhat.java-1.54.0-win32-x64\server\plugins\org.eclipse.equinox.launcher_1.7.100.v20251111-0406.jar
Launcher Type: SUN_STANDARD

[Global flags]
    uintx AdaptiveSizePolicyWeight                 = 90                                        {product} {command line}
     intx CICompilerCount                          = 12                                        {product} {ergonomic}
    uintx GCTimeRatio                              = 4                                         {product} {command line}
     bool HeapDumpOnOutOfMemoryError               = true                                   {manageable} {command line}
    ccstr HeapDumpPath                             = c:\Users\Admin\AppData\Roaming\Code\User\workspaceStorage\c548800247d026e5243495b536721d3f\redhat.java         {manageable} {command line}
   size_t InitialHeapSize                          = 104857600                                 {product} {command line}
   size_t MaxHeapSize                              = 2147483648                                {product} {command line}
   size_t MaxNewSize                               = 715653120                                 {product} {ergonomic}
   size_t MinHeapDeltaBytes                        = 524288                                    {product} {ergonomic}
   size_t MinHeapSize                              = 104857600                                 {product} {command line}
   size_t NewSize                                  = 34603008                                  {product} {ergonomic}
    uintx NonNMethodCodeHeapSize                   = 7602480                                {pd product} {ergonomic}
    uintx NonProfiledCodeHeapSize                  = 122027880                              {pd product} {ergonomic}
   size_t OldSize                                  = 70254592                                  {product} {ergonomic}
    uintx ProfiledCodeHeapSize                     = 122027880                              {pd product} {ergonomic}
    uintx ReservedCodeCacheSize                    = 251658240                              {pd product} {ergonomic}
     bool SegmentedCodeCache                       = true                                      {product} {ergonomic}
   size_t SoftMaxHeapSize                          = 2147483648                             {manageable} {ergonomic}
     bool UseCompressedOops                        = true                           {product lp64_product} {ergonomic}
     bool UseLargePagesIndividualAllocation        = false                                  {pd product} {ergonomic}
     bool UseParallelGC                            = true                                      {product} {command line}

Logging:
Log output configuration:
 #0: stdout all=off uptime,level,tags foldmultilines=false
 #1: stderr all=off uptime,level,tags foldmultilines=false

Release file:
JAVA_VERSION="21.0.10" 
MODULES="java.base java.compiler java.datatransfer java.xml java.prefs java.desktop java.instrument java.logging java.management java.security.sasl java.naming java.rmi java.management.rmi java.net.http java.scripting java.security.jgss java.transaction.xa java.sql java.sql.rowset java.xml.crypto java.se java.smartcardio jdk.accessibility jdk.internal.jvmstat jdk.attach jdk.charsets jdk.internal.opt jdk.zipfs jdk.compiler jdk.crypto.ec jdk.crypto.cryptoki jdk.crypto.mscapi jdk.dynalink jdk.internal.ed jdk.editpad jdk.hotspot.agent jdk.httpserver jdk.internal.le jdk.internal.vm.ci jdk.internal.vm.compiler jdk.internal.vm.compiler.management jdk.jartool jdk.javadoc jdk.jcmd jdk.management jdk.management.agent jdk.jconsole jdk.jdeps jdk.jdwp.agent jdk.jdi jdk.jfr jdk.jshell jdk.jsobject jdk.jstatd jdk.localedata jdk.management.jfr jdk.naming.dns jdk.naming.rmi jdk.net jdk.nio.mapmode jdk.random jdk.sctp jdk.security.auth jdk.security.jgss jdk.unsupported jdk.unsupported.desktop jdk.xml.dom" 

Environment Variables:
JAVA_HOME=C:\Program Files\Java\jdk-21
PATH=D:\Microsoft VS Code;C:\Program Files\Microsoft MPI\Bin\;C:\Program Files\Common Files\Oracle\Java\javapath;C:\Windows\system32;C:\Windows;C:\Windows\System32\Wbem;C:\Windows\System32\WindowsPowerShell\v1.0\;C:\Windows\System32\OpenSSH\;C:\Program Files (x86)\NVIDIA Corporation\PhysX\Common;C:\Program Files\NVIDIA Corporation\NVIDIA NvDLISR;C:\TDM-GCC-64\gdb64\bin;C:\Program Files\Java\jdk-21\bin;C:\Program Files\JetBrains\PyCharm Community Edition 2023.3.1\bin;D:\gccvsc\ucrt64\bin;C:\WINDOWS\system32;C:\WINDOWS;C:\WINDOWS\System32\Wbem;C:\WINDOWS\System32\WindowsPowerShell\v1.0\;C:\WINDOWS\System32\OpenSSH\;C:\Program Files (x86)\Microsoft SQL Server\160\Tools\Binn\;C:\Program Files\Microsoft SQL Server\160\Tools\Binn\;C:\Program Files\Microsoft SQL Server\Client SDK\ODBC\170\Tools\Binn\;C:\Program Files\Microsoft SQL Server\160\DTS\Binn\;C:\Program Files (x86)\Microsoft SQL Server\160\DTS\Binn\;C:\Program Files\Git\cmd;D:\apache-maven-3.9.9-bin\apache-maven-3.9.9\bin;C:\Program Files\MongoDB\Server\8.0\bin;D:\mongoDB\mongosh-2.3.9-win32-x64\mongosh-2.3.9-win32-x64\bin;C:\Program Files\dotnet\;D:\Go\bin;C:\Program Files\OpenSSL-Win64\bin;C:\Program Files\Docker\Docker\resources\bin;D:\Redis-x64-5.0.14.1;C:\Program Files\Cloudflare\Cloudflare WARP\;D:\windows_10_cmake_Release_Graphviz-14.1.1-win64\Graphviz-14.1.1-win64\bin;D:\postGreSQL\bin;D:\nvm;C:\nvm4w\nodejs;D:\nvm;C:\Program Files\Tailscale\;D:\scoop\shims;C:\Users\Admin\AppData\Local\Programs\Python\Python311\Scripts\;C:\Users\Admin\AppData\Local\Programs\Python\Python311\;C:\Program Files\MySQL\MySQL Shell 8.0\bin\;C:\Users\Admin\AppData\Local\Programs\Python\Launcher\;C:\Users\Admin\AppData\Local\Microsoft\WindowsApps;C:\Program Files (x86)\Embarcadero\Dev-Cpp\TDM-GCC-64\bin;C:\Program Files\Java\jdk-21\bin;D:\Microsoft VS Code\bin;C:\Program Files\Azure Data Studio\bin;C:\Program Files\Git\bin;C:\Users\Admin\AppData\Roaming\npm;C:\Users\Admin\go\bin;D:\Antigravity\bin;C:\Users\Admin\AppData\Local\PowerToys\DSCModules\;D:\nvm;C:\nvm4w\nodejs
USERNAME=Admin
OS=Windows_NT
PROCESSOR_IDENTIFIER=AMD64 Family 25 Model 68 Stepping 1, AuthenticAMD
TMP=C:\Users\Admin\AppData\Local\Temp
TEMP=C:\Users\Admin\AppData\Local\Temp




Periodic native trim disabled

---------------  S Y S T E M  ---------------

OS:
 Windows 11 , 64 bit Build 26100 (10.0.26100.8246)
OS uptime: 1 days 11:30 hours
Hyper-V role detected

CPU: total 16 (initial active 16) (16 cores per cpu, 2 threads per core) family 25 model 68 stepping 1 microcode 0xa404101, cx8, cmov, fxsr, ht, mmx, 3dnowpref, sse, sse2, sse3, ssse3, sse4a, sse4.1, sse4.2, popcnt, lzcnt, tsc, tscinvbit, avx, avx2, aes, clmul, bmi1, bmi2, adx, sha, fma, vzeroupper, clflush, clflushopt, hv, rdtscp, rdpid, f16c, cet_ss
Processor Information for processor 0
  Max Mhz: 3201, Current Mhz: 3201, Mhz Limit: 3201
Processor Information for processor 1
  Max Mhz: 3201, Current Mhz: 3201, Mhz Limit: 3201
Processor Information for processor 2
  Max Mhz: 3201, Current Mhz: 3201, Mhz Limit: 3201
Processor Information for processor 3
  Max Mhz: 3201, Current Mhz: 3201, Mhz Limit: 3201
Processor Information for processor 4
  Max Mhz: 3201, Current Mhz: 2566, Mhz Limit: 3201
Processor Information for processor 5
  Max Mhz: 3201, Current Mhz: 3201, Mhz Limit: 3201
Processor Information for processor 6
  Max Mhz: 3201, Current Mhz: 3201, Mhz Limit: 3201
Processor Information for processor 7
  Max Mhz: 3201, Current Mhz: 3201, Mhz Limit: 3201
Processor Information for processor 8
  Max Mhz: 3201, Current Mhz: 2566, Mhz Limit: 3201
Processor Information for processor 9
  Max Mhz: 3201, Current Mhz: 3201, Mhz Limit: 3201
Processor Information for processor 10
  Max Mhz: 3201, Current Mhz: 3201, Mhz Limit: 3201
Processor Information for processor 11
  Max Mhz: 3201, Current Mhz: 2566, Mhz Limit: 3201
Processor Information for processor 12
  Max Mhz: 3201, Current Mhz: 3201, Mhz Limit: 3201
Processor Information for processor 13
  Max Mhz: 3201, Current Mhz: 3201, Mhz Limit: 3201
Processor Information for processor 14
  Max Mhz: 3201, Current Mhz: 2566, Mhz Limit: 3201
Processor Information for processor 15
  Max Mhz: 3201, Current Mhz: 3201, Mhz Limit: 3201

Memory: 4k page, system-wide physical 15613M (925M free)
TotalPageFile size 36873M (AvailPageFile size 94M)
current process WorkingSet (physical memory assigned to process): 68M, peak: 993M
current process commit charge ("private bytes"): 1079M, peak: 1138M

vm_info: OpenJDK 64-Bit Server VM (21.0.10+7-LTS) for windows-amd64 JRE (21.0.10+7-LTS), built on 2026-01-20T00:00:00Z by "admin" with MS VC++ 17.12 (VS2022)

END.
